Using pre-set license
Built from '2020.3/staging' branch; Version is '2020.3.16f1 (049d6eca3c44) revision 302446'; Using compiler version '192528614'; Build Type 'Release'
OS: 'Windows 10 Pro; OS build 19044.1526; Version 2009; 64bit' Language: 'en' Physical Memory: 4005 MB
BatchMode: 1, IsHumanControllingUs: 0, StartBugReporterOnCrash: 0, Is64bit: 1, IsPro: 0

 COMMAND LINE ARGUMENTS:
D:\new unity\2020.3.16f1\Editor\Unity.exe
-adb2
-batchMode
-noUpm
-name
AssetImportWorker64
-projectPath
C:/Users/DELL/Desktop/RPG204/RPG204_Prototype_1/RPG204_P_1
-logFile
Logs/AssetImportWorker64.log
-srvPort
49897
Successfully changed project path to: C:/Users/DELL/Desktop/RPG204/RPG204_Prototype_1/RPG204_P_1
C:/Users/DELL/Desktop/RPG204/RPG204_Prototype_1/RPG204_P_1
Using Asset Import Pipeline V2.
Refreshing native plugins compatible for Editor in 11158.24 ms, found 3 plugins.
Preloading 0 native plugins for Editor in 0.00 ms.
Initialize engine version: 2020.3.16f1 (049d6eca3c44)
[Subsystems] Discovering subsystems at path D:/new unity/2020.3.16f1/Editor/Data/Resources/UnitySubsystems
[Subsystems] Discovering subsystems at path C:/Users/DELL/Desktop/RPG204/RPG204_Prototype_1/RPG204_P_1/Assets
GfxDevice: creating device client; threaded=0
