Using pre-set license
Built from '2020.3/staging' branch; Version is '2020.3.16f1 (049d6eca3c44) revision 302446'; Using compiler version '192528614'; Build Type 'Release'
OS: 'Windows 10 Home; OS build 19043.1526; Version 2009; 64bit' Language: 'en' Physical Memory: 32681 MB
BatchMode: 1, IsHumanControllingUs: 0, StartBugReporterOnCrash: 0, Is64bit: 1, IsPro: 0

 COMMAND LINE ARGUMENTS:
C:\Program Files\Unity\Hub\Editor\2020.3.16f1\Editor\Unity.exe
-adb2
-batchMode
-noUpm
-name
AssetImportWorker0
-projectPath
E:/GitHub/Reverie/RPG204_Prototype_1/RPG204_P_1
-logFile
Logs/AssetImportWorker0.log
-srvPort
57410
Successfully changed project path to: E:/GitHub/Reverie/RPG204_Prototype_1/RPG204_P_1
E:/GitHub/Reverie/RPG204_Prototype_1/RPG204_P_1
Using Asset Import Pipeline V2.
Refreshing native plugins compatible for Editor in 34.30 ms, found 3 plugins.
Preloading 0 native plugins for Editor in 0.00 ms.
Initialize engine version: 2020.3.16f1 (049d6eca3c44)
[Subsystems] Discovering subsystems at path C:/Program Files/Unity/Hub/Editor/2020.3.16f1/Editor/Data/Resources/UnitySubsystems
[Subsystems] Discovering subsystems at path E:/GitHub/Reverie/RPG204_Prototype_1/RPG204_P_1/Assets
GfxDevice: creating device client; threaded=0
Direct3D:
    Version:  Direct3D 11.0 [level 11.1]
    Renderer: NVIDIA GeForce RTX 3070 (ID=0x2484)
    Vendor:   
    VRAM:     8043 MB
    Driver:   30.0.15.1123
Initialize mono
Mono path[0] = 'C:/Program Files/Unity/Hub/Editor/2020.3.16f1/Editor/Data/Managed'
Mono path[1] = 'C:/Program Files/Unity/Hub/Editor/2020.3.16f1/Editor/Data/MonoBleedingEdge/lib/mono/unityjit'
Mono config path = 'C:/Program Files/Unity/Hub/Editor/2020.3.16f1/Editor/Data/MonoBleedingEdge/etc'
Using monoOptions --debugger-agent=transport=dt_socket,embedding=1,server=y,suspend=n,address=127.0.0.1:56868
Begin MonoManager ReloadAssembly
Registering precompiled unity dll's ...
Register platform support module: C:/Program Files/Unity/Hub/Editor/2020.3.16f1/Editor/Data/PlaybackEngines/WindowsStandaloneSupport/UnityEditor.WindowsStandalone.Extensions.dll
Registered in 0.001575 seconds.
Native extension for WindowsStandalone target not found
Refreshing native plugins compatible for Editor in 35.50 ms, found 3 plugins.
Preloading 0 native plugins for Editor in 0.00 ms.
Mono: successfully reloaded assembly
- Completed reload, in  1.404 seconds
Domain Reload Profiling:
	ReloadAssembly (1404ms)
		BeginReloadAssembly (43ms)
			ExecutionOrderSort (0ms)
			DisableScriptedObjects (0ms)
			BackupInstance (0ms)
			ReleaseScriptingObjects (0ms)
			CreateAndSetChildDomain (1ms)
		EndReloadAssembly (338ms)
			LoadAssemblies (41ms)
			RebuildTransferFunctionScriptingTraits (0ms)
			SetupTypeCache (120ms)
			ReleaseScriptCaches (0ms)
			RebuildScriptCaches (25ms)
			SetupLoadedEditorAssemblies (138ms)
				LogAssemblyErrors (0ms)
				InitializePlatformSupportModulesInManaged (3ms)
				SetLoadedEditorAssemblies (0ms)
				RefreshPlugins (36ms)
				BeforeProcessingInitializeOnLoad (14ms)
				ProcessInitializeOnLoadAttributes (62ms)
				ProcessInitializeOnLoadMethodAttributes (23ms)
				AfterProcessingInitializeOnLoad (0ms)
				EditorAssembliesLoaded (0ms)
			ExecutionOrderSort2 (0ms)
			AwakeInstancesAfterBackupRestoration (0ms)
Platform modules already initialized, skipping
Registering precompiled user dll's ...
Registered in 0.002754 seconds.
Begin MonoManager ReloadAssembly
Native extension for WindowsStandalone target not found
Refreshing native plugins compatible for Editor in 31.92 ms, found 3 plugins.
Preloading 0 native plugins for Editor in 0.00 ms.
Mono: successfully reloaded assembly
- Completed reload, in  1.020 seconds
Domain Reload Profiling:
	ReloadAssembly (1021ms)
		BeginReloadAssembly (118ms)
			ExecutionOrderSort (0ms)
			DisableScriptedObjects (4ms)
			BackupInstance (0ms)
			ReleaseScriptingObjects (0ms)
			CreateAndSetChildDomain (17ms)
		EndReloadAssembly (850ms)
			LoadAssemblies (78ms)
			RebuildTransferFunctionScriptingTraits (0ms)
			SetupTypeCache (249ms)
			ReleaseScriptCaches (0ms)
			RebuildScriptCaches (42ms)
			SetupLoadedEditorAssemblies (363ms)
				LogAssemblyErrors (0ms)
				InitializePlatformSupportModulesInManaged (3ms)
				SetLoadedEditorAssemblies (0ms)
				RefreshPlugins (32ms)
				BeforeProcessingInitializeOnLoad (63ms)
				ProcessInitializeOnLoadAttributes (247ms)
				ProcessInitializeOnLoadMethodAttributes (11ms)
				AfterProcessingInitializeOnLoad (7ms)
				EditorAssembliesLoaded (0ms)
			ExecutionOrderSort2 (0ms)
			AwakeInstancesAfterBackupRestoration (8ms)
Platform modules already initialized, skipping
========================================================================
Worker process is ready to serve import requests
Launched and connected shader compiler UnityShaderCompiler.exe after 0.05 seconds
Refreshing native plugins compatible for Editor in 0.38 ms, found 3 plugins.
Preloading 0 native plugins for Editor in 0.00 ms.
Unloading 2093 Unused Serialized files (Serialized files now loaded: 0)
System memory in use before: 93.2 MB.
System memory in use after: 93.2 MB.

Unloading 28 unused Assets to reduce memory usage. Loaded Objects now: 2530.
Total: 2.604300 ms (FindLiveObjects: 0.191400 ms CreateObjectMapping: 0.098900 ms MarkObjects: 2.246600 ms  DeleteObjects: 0.066200 ms)

AssetImportParameters requested are different than current active one (requested -> active):
  custom:framework-win-MediaFoundation: 216162199b28c13a410421893ffa2e32 -> 
  custom:video-decoder-ogg-theora: a1e56fd34408186e4bbccfd4996cb3dc -> 
  custom:container-muxer-webm: aa71ff27fc2769a1b78a27578f13a17b -> 
  custom:container-demuxer-webm: 4f35f7cbe854078d1ac9338744f61a02 -> 
  custom:container-demuxer-ogg: 62fdf1f143b41e24485cea50d1cbac27 -> 
  custom:video-encoder-webm-vp8: eb34c28f22e8b96e1ab97ce403110664 -> 
  custom:video-decoder-webm-vp8: 9c59270c3fd7afecdb556c50c9e8de78 -> 
  custom:audio-decoder-ogg-vorbis: bf7c407c2cedff20999df2af8eb42d56 -> 
  custom:audio-encoder-webm-vorbis: bf7c407c2cedff20999df2af8eb42d56 -> 
========================================================================
Received Import Request.
  path: Assets/Scripts/Shape_Switch.cs
  artifactKey: Guid(6831a93bc68453448845e91279c1f694) Importer(815301076,1909f56bfc062723c751e8b465ee728b)
Start importing Assets/Scripts/Shape_Switch.cs using Guid(6831a93bc68453448845e91279c1f694) Importer(815301076,1909f56bfc062723c751e8b465ee728b)  -> (artifact id: '47af1f1ddd0260cc6a26ee9f4478399b') in 0.024762 seconds 
  Import took 0.027079 seconds .

========================================================================
Received Import Request.
  Time since last request: 0.000207 seconds.
  path: Assets/Scripts
  artifactKey: Guid(f2118da0c2515be41a6f2ef88db3a0d9) Importer(815301076,1909f56bfc062723c751e8b465ee728b)
Start importing Assets/Scripts using Guid(f2118da0c2515be41a6f2ef88db3a0d9) Importer(815301076,1909f56bfc062723c751e8b465ee728b)  -> (artifact id: 'd7e266ecedcd31866c454147860e4799') in 0.003652 seconds 
  Import took 0.005772 seconds .

========================================================================
Received Import Request.
  Time since last request: 51.448636 seconds.
  path: Assets/Scripts/Panel_Shapes.cs
  artifactKey: Guid(ce8c9971831e1534086169484d27863f) Importer(815301076,1909f56bfc062723c751e8b465ee728b)
Start importing Assets/Scripts/Panel_Shapes.cs using Guid(ce8c9971831e1534086169484d27863f) Importer(815301076,1909f56bfc062723c751e8b465ee728b)  -> (artifact id: 'd1cf39ae9b5adc69dda3af2b9ff5df12') in 0.004012 seconds 
  Import took 0.006534 seconds .

AssetImportWorkerClient::OnTransportError - code=2 error=End of file
